[debug] [2023-07-02T13:08:14.818Z] ----------------------------------------------------------------------
[debug] [2023-07-02T13:08:14.823Z] Command:       C:\Program Files\nodejs\node.exe C:\Users\Arias\AppData\Roaming\npm\node_modules\firebase-tools\lib\bin\firebase.js init
[debug] [2023-07-02T13:08:14.824Z] CLI Version:   12.4.2
[debug] [2023-07-02T13:08:14.824Z] Platform:      win32
[debug] [2023-07-02T13:08:14.824Z] Node Version:  v20.3.1
[debug] [2023-07-02T13:08:14.824Z] Time:          Sun Jul 02 2023 10:08:14 GMT-0300 (hora estándar de Argentina)
[debug] [2023-07-02T13:08:14.825Z] ----------------------------------------------------------------------
[debug] 
[debug] [2023-07-02T13:08:14.975Z] > command requires scopes: ["email","openid","https://www.googleapis.com/auth/cloudplatformprojects.readonly","https://www.googleapis.com/auth/firebase","https://www.googleapis.com/auth/cloud-platform"]
[debug] [2023-07-02T13:08:14.976Z] > authorizing via signed-in user (anahiamayavera@gmail.com)
[info] 
     ######## #### ########  ######## ########     ###     ######  ########
     ##        ##  ##     ## ##       ##     ##  ##   ##  ##       ##
     ######    ##  ########  ######   ########  #########  ######  ######
     ##        ##  ##    ##  ##       ##     ## ##     ##       ## ##
     ##       #### ##     ## ######## ########  ##     ##  ######  ########

You're about to initialize a Firebase project in this directory:

  C:\Angular\ahorcadoAngular-pro

Before we get started, keep in mind:

  * You are currently outside your home directory
  * You are initializing within an existing Firebase project directory

[info] 
=== Project Setup
[info] 
[info] First, let's associate this project directory with a Firebase project.
[info] You can create multiple project aliases by running firebase use --add, 
[info] but for now we'll just set up a default project.
[info] 
[debug] [2023-07-02T13:09:15.972Z] Using project from CLI flag: pruebaimplement
[debug] [2023-07-02T13:09:15.977Z] >>> [apiv2][query] GET https://firebase.googleapis.com/v1beta1/projects/pruebaimplement [none]
[debug] [2023-07-02T13:09:16.695Z] <<< [apiv2][status] GET https://firebase.googleapis.com/v1beta1/projects/pruebaimplement 403
[debug] [2023-07-02T13:09:16.696Z] <<< [apiv2][body] GET https://firebase.googleapis.com/v1beta1/projects/pruebaimplement {"error":{"code":403,"message":"The caller does not have permission","status":"PERMISSION_DENIED"}}
[debug] [2023-07-02T13:09:16.697Z] HTTP Error: 403, The caller does not have permission
[debug] [2023-07-02T13:09:16.882Z] FirebaseError: HTTP Error: 403, The caller does not have permission
    at responseToError (C:\Users\Arias\AppData\Roaming\npm\node_modules\firebase-tools\lib\responseToError.js:49:12)
    at RetryOperation._fn (C:\Users\Arias\AppData\Roaming\npm\node_modules\firebase-tools\lib\apiv2.js:288:77)
    at process.processTicksAndRejections (node:internal/process/task_queues:95:5)
[error] 
[error] Error: Failed to get Firebase project pruebaimplement. Please make sure the project exists and your account has permission to access it.
